  MaterialBase.cpp
C:\Program Files (x86)\Windows Kits\10\Include\10.0.22621.0\shared\minwindef.h(130,1): warning C4005: 'APIENTRY': macro redefinition
  (compiling source file 'MaterialBase.cpp')
  C:\git\DE\DiligentEngine\DiligentSamples\ThirdParty\glfw\include\GLFW\glfw3.h(123,1):
  see previous definition of 'APIENTRY'
  
GraphicsEngineD3D12_64d.lib(GraphicsEngineD3D12_64d.dll) : warning LNK4006: __NULL_IMPORT_DESCRIPTOR already defined in GraphicsEngineD3D11_64d.lib(GraphicsEngineD3D11_64d.dll); second definition ignored
GraphicsEngineOpenGL_64d.lib(GraphicsEngineOpenGL_64d.dll) : warning LNK4006: __NULL_IMPORT_DESCRIPTOR already defined in GraphicsEngineD3D11_64d.lib(GraphicsEngineD3D11_64d.dll); second definition ignored
GraphicsEngineVk_64d.lib(GraphicsEngineVk_64d.dll) : warning LNK4006: __NULL_IMPORT_DESCRIPTOR already defined in GraphicsEngineD3D11_64d.lib(GraphicsEngineD3D11_64d.dll); second definition ignored
Diligent-GraphicsEngineD3D11-static.lib(EngineFactoryD3D11.obj) : warning LNK4006: "struct Diligent::IEngineFactoryD3D11 * __cdecl Diligent::GetEngineFactoryD3D11(void)" (?GetEngineFactoryD3D11@Diligent@@YAPEAUIEngineFactoryD3D11@1@XZ) already defined in GraphicsEngineD3D11_64d.lib(GraphicsEngineD3D11_64d.dll); second definition ignored
d3d11.lib(d3d11.dll) : warning LNK4006: __NULL_IMPORT_DESCRIPTOR already defined in GraphicsEngineD3D11_64d.lib(GraphicsEngineD3D11_64d.dll); second definition ignored
Diligent-GraphicsEngineD3D12-static.lib(EngineFactoryD3D12.obj) : warning LNK4006: "struct Diligent::IEngineFactoryD3D12 * __cdecl Diligent::GetEngineFactoryD3D12(void)" (?GetEngineFactoryD3D12@Diligent@@YAPEAUIEngineFactoryD3D12@1@XZ) already defined in GraphicsEngineD3D12_64d.lib(GraphicsEngineD3D12_64d.dll); second definition ignored
dxgi.lib(dxgi.dll) : warning LNK4006: __NULL_IMPORT_DESCRIPTOR already defined in GraphicsEngineD3D11_64d.lib(GraphicsEngineD3D11_64d.dll); second definition ignored
d3dcompiler.lib(D3DCOMPILER_47.dll) : warning LNK4006: __NULL_IMPORT_DESCRIPTOR already defined in GraphicsEngineD3D11_64d.lib(GraphicsEngineD3D11_64d.dll); second definition ignored
Diligent-GraphicsEngineVk-static.lib(EngineFactoryVk.obj) : warning LNK4006: "struct Diligent::IEngineFactoryVk * __cdecl Diligent::GetEngineFactoryVk(void)" (?GetEngineFactoryVk@Diligent@@YAPEAUIEngineFactoryVk@1@XZ) already defined in GraphicsEngineVk_64d.lib(GraphicsEngineVk_64d.dll); second definition ignored
Diligent-GraphicsEngineOpenGL-static.lib(EngineFactoryOpenGL.obj) : warning LNK4006: "struct Diligent::IEngineFactoryOpenGL * __cdecl Diligent::GetEngineFactoryOpenGL(void)" (?GetEngineFactoryOpenGL@Diligent@@YAPEAUIEngineFactoryOpenGL@1@XZ) already defined in GraphicsEngineOpenGL_64d.lib(GraphicsEngineOpenGL_64d.dll); second definition ignored
opengl32.lib(OPENGL32.dll) : warning LNK4006: __NULL_IMPORT_DESCRIPTOR already defined in GraphicsEngineD3D11_64d.lib(GraphicsEngineD3D11_64d.dll); second definition ignored
Shlwapi.lib(SHLWAPI.dll) : warning LNK4006: __NULL_IMPORT_DESCRIPTOR already defined in GraphicsEngineD3D11_64d.lib(GraphicsEngineD3D11_64d.dll); second definition ignored
kernel32.lib(KERNEL32.dll) : warning LNK4006: __NULL_IMPORT_DESCRIPTOR already defined in GraphicsEngineD3D11_64d.lib(GraphicsEngineD3D11_64d.dll); second definition ignored
user32.lib(USER32.dll) : warning LNK4006: __NULL_IMPORT_DESCRIPTOR already defined in GraphicsEngineD3D11_64d.lib(GraphicsEngineD3D11_64d.dll); second definition ignored
gdi32.lib(GDI32.dll) : warning LNK4006: __NULL_IMPORT_DESCRIPTOR already defined in GraphicsEngineD3D11_64d.lib(GraphicsEngineD3D11_64d.dll); second definition ignored
winspool.lib(WINSPOOL.DRV) : warning LNK4006: __NULL_IMPORT_DESCRIPTOR already defined in GraphicsEngineD3D11_64d.lib(GraphicsEngineD3D11_64d.dll); second definition ignored
shell32.lib(SHELL32.dll) : warning LNK4006: __NULL_IMPORT_DESCRIPTOR already defined in GraphicsEngineD3D11_64d.lib(GraphicsEngineD3D11_64d.dll); second definition ignored
ole32.lib(ole32.dll) : warning LNK4006: IsEqualGUID already defined in Diligent-GraphicsEngineD3DBase.lib(ShaderD3DBase.obj); second definition ignored
ole32.lib(ole32.dll) : warning LNK4006: __NULL_IMPORT_DESCRIPTOR already defined in GraphicsEngineD3D11_64d.lib(GraphicsEngineD3D11_64d.dll); second definition ignored
oleaut32.lib(OLEAUT32.dll) : warning LNK4006: __NULL_IMPORT_DESCRIPTOR already defined in GraphicsEngineD3D11_64d.lib(GraphicsEngineD3D11_64d.dll); second definition ignored
comdlg32.lib(COMDLG32.dll) : warning LNK4006: __NULL_IMPORT_DESCRIPTOR already defined in GraphicsEngineD3D11_64d.lib(GraphicsEngineD3D11_64d.dll); second definition ignored
advapi32.lib(ADVAPI32.dll) : warning LNK4006: __NULL_IMPORT_DESCRIPTOR already defined in GraphicsEngineD3D11_64d.lib(GraphicsEngineD3D11_64d.dll); second definition ignored
  Synergy.vcxproj -> C:\synergy\Synergy\x64\Debug\Synergy.lib
