c:\synergy\synergy\x64\debug\synergy.pdb
c:\synergy\synergy\x64\debug\synergy.idb
c:\synergy\synergy\synergy\x64\debug\vertex3d.obj
c:\synergy\synergy\synergy\x64\debug\triangle.obj
c:\synergy\synergy\synergy\x64\debug\texturebase.obj
c:\synergy\synergy\synergy\x64\debug\texture2d.obj
c:\synergy\synergy\synergy\x64\debug\synergy.obj
c:\synergy\synergy\synergy\x64\debug\synapp.obj
c:\synergy\synergy\synergy\x64\debug\smartdraw.obj
c:\synergy\synergy\synergy\x64\debug\mesh.obj
c:\synergy\synergy\synergy\x64\debug\appstate.obj
c:\synergy\synergy\synergy\x64\debug\synergy.pch
c:\synergy\synergy\synergy\x64\debug\pch.obj
c:\synergy\synergy\synergy\x64\debug\scenegraph.obj
c:\synergy\synergy\synergy\x64\debug\node3d.obj
c:\synergy\synergy\synergy\x64\debug\importer.obj
c:\synergy\synergy\synergy\x64\debug\entity.obj
c:\synergy\synergy\synergy\x64\debug\renderqueue.obj
c:\synergy\synergy\synergy\x64\debug\renderer.obj
c:\synergy\synergy\synergy\x64\debug\queuerenderentity.obj
c:\synergy\synergy\synergy\x64\debug\queuenode.obj
c:\synergy\synergy\synergy\x64\debug\pipelinebase.obj
c:\synergy\synergy\synergy\x64\debug\pipeline2d.obj
c:\synergy\synergy\synergy\x64\debug\material.obj
c:\synergy\synergy\synergy\x64\debug\queuerenderscene.obj
c:\synergy\synergy\synergy\x64\debug\queuesetlights.obj
c:\synergy\synergy\synergy\x64\debug\light.obj
c:\synergy\synergy\synergy\x64\debug\pipeline3dlight.obj
c:\synergy\synergy\synergy\x64\debug\pipeline3dbasic.obj
c:\synergy\synergy\synergy\x64\debug\queuesetcamera.obj
c:\synergy\synergy\synergy\x64\debug\camera.obj
c:\synergy\synergy\synergy\x64\debug\appinput.obj
c:\synergy\synergy\x64\debug\synergy.lib
c:\synergy\synergy\synergy\x64\debug\material2d.obj
c:\synergy\synergy\synergy\x64\debug\materialbase.obj
c:\synergy\synergy\synergy\x64\debug\materialbase.obj.enc
c:\synergy\synergy\synergy\x64\debug\synergy.tlog\cl.command.1.tlog
c:\synergy\synergy\synergy\x64\debug\synergy.tlog\cl.items.tlog
c:\synergy\synergy\synergy\x64\debug\synergy.tlog\cl.read.1.tlog
c:\synergy\synergy\synergy\x64\debug\synergy.tlog\cl.write.1.tlog
c:\synergy\synergy\synergy\x64\debug\synergy.tlog\lib-link.read.1.tlog
c:\synergy\synergy\synergy\x64\debug\synergy.tlog\lib-link.write.1.tlog
c:\synergy\synergy\synergy\x64\debug\synergy.tlog\lib.command.1.tlog
