c:\synergy\samples\sample1\x64\release\sample1.obj
c:\synergy\samples\sample1\x64\release\sample1app.obj
c:\synergy\samples\sample1\x64\release\vc143.pdb
c:\synergy\samples\sample1\x64\release\sample1_state.obj
c:\synergy\samples\sample1\x64\release\vc143.idb
c:\synergy\samples\sample1\x64\release\vc143_ib_1.pdb
c:\synergy\samples\sample1\x64\release\vc143_ib_2.pdb
c:\synergy\samples\sample1\x64\release\vc143_ib_3.pdb
c:\synergy\synergy\x64\release\sample1.pdb
c:\synergy\samples\sample1\x64\release\sample1.tlog\cl.command.1.tlog
c:\synergy\samples\sample1\x64\release\sample1.tlog\cl.items.tlog
c:\synergy\samples\sample1\x64\release\sample1.tlog\cl.read.1.tlog
c:\synergy\samples\sample1\x64\release\sample1.tlog\cl.write.1.tlog
c:\synergy\samples\sample1\x64\release\sample1.tlog\ib.ib.cl.write.1.tlog
c:\synergy\samples\sample1\x64\release\sample1.tlog\ib.ib.link.20712.write.1.tlog
c:\synergy\samples\sample1\x64\release\sample1.tlog\ib.ib.link.secondary.1.tlog
c:\synergy\samples\sample1\x64\release\sample1.tlog\ib.ib.link.write.1.tlog
c:\synergy\samples\sample1\x64\release\sample1.tlog\link.20712.read.1.tlog
c:\synergy\samples\sample1\x64\release\sample1.tlog\link.20712.write.1.tlog
c:\synergy\samples\sample1\x64\release\sample1.tlog\link.command.1.tlog
c:\synergy\samples\sample1\x64\release\sample1.tlog\link.read.1.tlog
c:\synergy\samples\sample1\x64\release\sample1.tlog\link.secondary.1.tlog
c:\synergy\samples\sample1\x64\release\sample1.tlog\link.write.1.tlog
