c:\synergy\synergy\synergy\x64\release\synergy.pch
c:\synergy\synergy\synergy\x64\release\pch.obj
c:\synergy\synergy\synergy\x64\release\appstate.obj
c:\synergy\synergy\synergy\x64\release\appinput.obj
c:\synergy\synergy\synergy\x64\release\boneinfo.obj
c:\synergy\synergy\synergy\x64\release\assimpnodedata.obj
c:\synergy\synergy\synergy\x64\release\debug.obj
c:\synergy\synergy\synergy\x64\release\entity.obj
c:\synergy\synergy\synergy\x64\release\animation.obj
c:\synergy\synergy\synergy\x64\release\bone.obj
c:\synergy\synergy\synergy\x64\release\animator.obj
c:\synergy\synergy\synergy\x64\release\actor.obj
c:\synergy\synergy\synergy\x64\release\itheme.obj
c:\synergy\synergy\synergy\x64\release\iwindowbar.obj
c:\synergy\synergy\synergy\x64\release\importer.obj
c:\synergy\synergy\synergy\x64\release\camera.obj
c:\synergy\synergy\synergy\x64\release\light.obj
c:\synergy\synergy\synergy\x64\release\material.obj
c:\synergy\synergy\synergy\x64\release\node3d.obj
c:\synergy\synergy\synergy\x64\release\pipeline2d.obj
c:\synergy\synergy\synergy\x64\release\pipeline3dbasic.obj
c:\synergy\synergy\synergy\x64\release\pipeline3dactorlight.obj
c:\synergy\synergy\synergy\x64\release\pipeline3dlight.obj
c:\synergy\synergy\synergy\x64\release\pipelineactordepth.obj
c:\synergy\synergy\synergy\x64\release\pipelinebase.obj
c:\synergy\synergy\synergy\x64\release\queuenode.obj
c:\synergy\synergy\synergy\x64\release\mesh.obj
c:\synergy\synergy\synergy\x64\release\queuerenderentity.obj
c:\synergy\synergy\synergy\x64\release\pipelineblur.obj
c:\synergy\synergy\synergy\x64\release\pipelinecolorlimit.obj
c:\synergy\synergy\synergy\x64\release\pipelinecombine.obj
c:\synergy\synergy\synergy\x64\release\pipelinedepth.obj
c:\synergy\synergy\synergy\x64\release\queuebindrendertarget2d.obj
c:\synergy\synergy\synergy\x64\release\queuerendershadows.obj
c:\synergy\synergy\synergy\x64\release\queuesetcamera.obj
c:\synergy\synergy\synergy\x64\release\queuerenderscene.obj
c:\synergy\synergy\synergy\x64\release\queuereleaserendertarget2d.obj
c:\synergy\synergy\synergy\x64\release\pipelinedof.obj
c:\synergy\synergy\synergy\x64\release\renderqueue.obj
c:\synergy\synergy\synergy\x64\release\queuerenderpostprocess.obj
c:\synergy\synergy\synergy\x64\release\queuesetlights.obj
c:\synergy\synergy\synergy\x64\release\synergy.obj
c:\synergy\synergy\synergy\x64\release\ppbloom.obj
c:\synergy\synergy\synergy\x64\release\postprocess.obj
c:\synergy\synergy\synergy\x64\release\ppdepthoffield.obj
c:\synergy\synergy\synergy\x64\release\texturebase.obj
c:\synergy\synergy\synergy\x64\release\triangle.obj
c:\synergy\synergy\synergy\x64\release\scenegraph.obj
c:\synergy\synergy\synergy\x64\release\queuepresentrendertarget.obj
c:\synergy\synergy\synergy\x64\release\vertex3d.obj
c:\synergy\synergy\synergy\x64\release\themearc.obj
c:\synergy\synergy\synergy\x64\release\renderer.obj
c:\synergy\synergy\synergy\x64\release\rendertarget2d.obj
c:\synergy\synergy\synergy\x64\release\rendertargetcube.obj
c:\synergy\synergy\synergy\x64\release\synapp.obj
c:\synergy\synergy\synergy\x64\release\smartdraw.obj
c:\synergy\synergy\synergy\x64\release\texture2d.obj
c:\synergy\synergy\synergy\x64\release\imenubar.obj
c:\synergy\synergy\synergy\x64\release\synui.obj
c:\synergy\synergy\synergy\x64\release\itextbox.obj
c:\synergy\synergy\synergy\x64\release\fontrender.obj
c:\synergy\synergy\synergy\x64\release\iframe.obj
c:\synergy\synergy\synergy\x64\release\itreeview.obj
c:\synergy\synergy\synergy\x64\release\icontrol.obj
c:\synergy\synergy\synergy\x64\release\ibutton.obj
c:\synergy\synergy\synergy\x64\release\ivscroller.obj
c:\synergy\synergy\synergy\x64\release\iwindow.obj
c:\synergy\synergy\synergy\x64\release\ivmenu.obj
c:\synergy\synergy\x64\release\synergy.pdb
c:\synergy\synergy\x64\release\synergy.lib
c:\synergy\synergy\synergy\x64\release\synergy.tlog\cl.command.1.tlog
c:\synergy\synergy\synergy\x64\release\synergy.tlog\cl.items.tlog
c:\synergy\synergy\synergy\x64\release\synergy.tlog\cl.read.1.tlog
c:\synergy\synergy\synergy\x64\release\synergy.tlog\cl.write.1.tlog
c:\synergy\synergy\synergy\x64\release\synergy.tlog\ib.ib.cl.write.1.tlog
c:\synergy\synergy\synergy\x64\release\synergy.tlog\ib.ib.lib-link.write.1.tlog
c:\synergy\synergy\synergy\x64\release\synergy.tlog\lib-link.read.1.tlog
c:\synergy\synergy\synergy\x64\release\synergy.tlog\lib-link.write.1.tlog
c:\synergy\synergy\synergy\x64\release\synergy.tlog\lib.command.1.tlog
