  Actor.cpp
C:\synergy\Synergy\Vertex3D.h(5,8): warning C4099: 'Vertex': type name first seen using 'class' now seen using 'struct'
  (compiling source file 'Actor.cpp')
  C:\synergy\Synergy\Vertex3D.h(5,8):
  see declaration of 'Vertex'
  
C:\synergy\Synergy\Mesh.h(41,25): warning C4267: 'return': conversion from 'size_t' to 'int', possible loss of data
  (compiling source file 'Actor.cpp')
  
C:\synergy\Synergy\Mesh.h(50,24): warning C4267: 'return': conversion from 'size_t' to 'int', possible loss of data
  (compiling source file 'Actor.cpp')
  
C:\synergy\Synergy\Actor.cpp(33,21): warning C4267: 'return': conversion from 'size_t' to 'int', possible loss of data
C:\synergy\Synergy\Actor.cpp(59,22): warning C4244: '=': conversion from 'int' to 'T', possible loss of data
C:\synergy\Synergy\Actor.cpp(59,22): warning C4244:         with
C:\synergy\Synergy\Actor.cpp(59,22): warning C4244:         [
C:\synergy\Synergy\Actor.cpp(59,22): warning C4244:             T=float
C:\synergy\Synergy\Actor.cpp(59,22): warning C4244:         ]
C:\synergy\Synergy\Actor.cpp(66,22): warning C4244: '=': conversion from 'int' to 'T', possible loss of data
C:\synergy\Synergy\Actor.cpp(66,22): warning C4244:         with
C:\synergy\Synergy\Actor.cpp(66,22): warning C4244:         [
C:\synergy\Synergy\Actor.cpp(66,22): warning C4244:             T=float
C:\synergy\Synergy\Actor.cpp(66,22): warning C4244:         ]
C:\synergy\Synergy\Actor.cpp(73,22): warning C4244: '=': conversion from 'int' to 'T', possible loss of data
C:\synergy\Synergy\Actor.cpp(73,22): warning C4244:         with
C:\synergy\Synergy\Actor.cpp(73,22): warning C4244:         [
C:\synergy\Synergy\Actor.cpp(73,22): warning C4244:             T=float
C:\synergy\Synergy\Actor.cpp(73,22): warning C4244:         ]
C:\synergy\Synergy\Actor.cpp(80,22): warning C4244: '=': conversion from 'int' to 'T', possible loss of data
C:\synergy\Synergy\Actor.cpp(80,22): warning C4244:         with
C:\synergy\Synergy\Actor.cpp(80,22): warning C4244:         [
C:\synergy\Synergy\Actor.cpp(80,22): warning C4244:             T=float
C:\synergy\Synergy\Actor.cpp(80,22): warning C4244:         ]
C:\synergy\Synergy\Actor.cpp(91,36): warning C4018: '<': signed/unsigned mismatch
  Importer.cpp
C:\synergy\Synergy\Mesh.h(41,25): warning C4267: 'return': conversion from 'size_t' to 'int', possible loss of data
  (compiling source file 'Importer.cpp')
  
C:\synergy\Synergy\Mesh.h(50,24): warning C4267: 'return': conversion from 'size_t' to 'int', possible loss of data
  (compiling source file 'Importer.cpp')
  
C:\synergy\Synergy\Actor.h(13,7): warning C4099: 'Vertex': type name first seen using 'struct' now seen using 'class'
  (compiling source file 'Importer.cpp')
  C:\synergy\Synergy\Vertex3D.h(5,8):
  see declaration of 'Vertex'
  
C:\synergy\Synergy\Importer.cpp(62,22): warning C4018: '<': signed/unsigned mismatch
C:\synergy\Synergy\Importer.cpp(68,22): warning C4018: '<': signed/unsigned mismatch
C:\synergy\Synergy\Importer.cpp(99,22): warning C4018: '<': signed/unsigned mismatch
C:\synergy\Synergy\Importer.cpp(128,22): warning C4018: '<': signed/unsigned mismatch
C:\synergy\Synergy\Importer.cpp(134,26): warning C4018: '<': signed/unsigned mismatch
C:\synergy\Synergy\Importer.cpp(153,26): warning C4018: '<': signed/unsigned mismatch
C:\synergy\Synergy\Importer.cpp(198,23): warning C4018: '<': signed/unsigned mismatch
C:\synergy\Synergy\Importer.cpp(227,23): warning C4018: '<': signed/unsigned mismatch
C:\synergy\Synergy\Importer.cpp(233,27): warning C4018: '<': signed/unsigned mismatch
C:\synergy\Synergy\Importer.cpp(255,27): warning C4018: '<': signed/unsigned mismatch
GraphicsEngineD3D12_64r.lib(GraphicsEngineD3D12_64r.dll) : warning LNK4006: __NULL_IMPORT_DESCRIPTOR already defined in GraphicsEngineD3D11_64r.lib(GraphicsEngineD3D11_64r.dll); second definition ignored
GraphicsEngineOpenGL_64r.lib(GraphicsEngineOpenGL_64r.dll) : warning LNK4006: __NULL_IMPORT_DESCRIPTOR already defined in GraphicsEngineD3D11_64r.lib(GraphicsEngineD3D11_64r.dll); second definition ignored
GraphicsEngineVk_64r.lib(GraphicsEngineVk_64r.dll) : warning LNK4006: __NULL_IMPORT_DESCRIPTOR already defined in GraphicsEngineD3D11_64r.lib(GraphicsEngineD3D11_64r.dll); second definition ignored
Diligent-GraphicsEngineD3D11-static.lib(EngineFactoryD3D11.obj) : warning LNK4006: "struct Diligent::IEngineFactoryD3D11 * __cdecl Diligent::GetEngineFactoryD3D11(void)" (?GetEngineFactoryD3D11@Diligent@@YAPEAUIEngineFactoryD3D11@1@XZ) already defined in GraphicsEngineD3D11_64r.lib(GraphicsEngineD3D11_64r.dll); second definition ignored
d3d11.lib(d3d11.dll) : warning LNK4006: __NULL_IMPORT_DESCRIPTOR already defined in GraphicsEngineD3D11_64r.lib(GraphicsEngineD3D11_64r.dll); second definition ignored
Diligent-GraphicsEngineD3D12-static.lib(EngineFactoryD3D12.obj) : warning LNK4006: "struct Diligent::IEngineFactoryD3D12 * __cdecl Diligent::GetEngineFactoryD3D12(void)" (?GetEngineFactoryD3D12@Diligent@@YAPEAUIEngineFactoryD3D12@1@XZ) already defined in GraphicsEngineD3D12_64r.lib(GraphicsEngineD3D12_64r.dll); second definition ignored
dxgi.lib(dxgi.dll) : warning LNK4006: __NULL_IMPORT_DESCRIPTOR already defined in GraphicsEngineD3D11_64r.lib(GraphicsEngineD3D11_64r.dll); second definition ignored
d3dcompiler.lib(D3DCOMPILER_47.dll) : warning LNK4006: __NULL_IMPORT_DESCRIPTOR already defined in GraphicsEngineD3D11_64r.lib(GraphicsEngineD3D11_64r.dll); second definition ignored
Diligent-GraphicsEngineVk-static.lib(EngineFactoryVk.obj) : warning LNK4006: "struct Diligent::IEngineFactoryVk * __cdecl Diligent::GetEngineFactoryVk(void)" (?GetEngineFactoryVk@Diligent@@YAPEAUIEngineFactoryVk@1@XZ) already defined in GraphicsEngineVk_64r.lib(GraphicsEngineVk_64r.dll); second definition ignored
Diligent-GraphicsEngineOpenGL-static.lib(EngineFactoryOpenGL.obj) : warning LNK4006: "struct Diligent::IEngineFactoryOpenGL * __cdecl Diligent::GetEngineFactoryOpenGL(void)" (?GetEngineFactoryOpenGL@Diligent@@YAPEAUIEngineFactoryOpenGL@1@XZ) already defined in GraphicsEngineOpenGL_64r.lib(GraphicsEngineOpenGL_64r.dll); second definition ignored
opengl32.lib(OPENGL32.dll) : warning LNK4006: __NULL_IMPORT_DESCRIPTOR already defined in GraphicsEngineD3D11_64r.lib(GraphicsEngineD3D11_64r.dll); second definition ignored
Shlwapi.lib(SHLWAPI.dll) : warning LNK4006: __NULL_IMPORT_DESCRIPTOR already defined in GraphicsEngineD3D11_64r.lib(GraphicsEngineD3D11_64r.dll); second definition ignored
kernel32.lib(KERNEL32.dll) : warning LNK4006: __NULL_IMPORT_DESCRIPTOR already defined in GraphicsEngineD3D11_64r.lib(GraphicsEngineD3D11_64r.dll); second definition ignored
user32.lib(USER32.dll) : warning LNK4006: __NULL_IMPORT_DESCRIPTOR already defined in GraphicsEngineD3D11_64r.lib(GraphicsEngineD3D11_64r.dll); second definition ignored
gdi32.lib(GDI32.dll) : warning LNK4006: __NULL_IMPORT_DESCRIPTOR already defined in GraphicsEngineD3D11_64r.lib(GraphicsEngineD3D11_64r.dll); second definition ignored
winspool.lib(WINSPOOL.DRV) : warning LNK4006: __NULL_IMPORT_DESCRIPTOR already defined in GraphicsEngineD3D11_64r.lib(GraphicsEngineD3D11_64r.dll); second definition ignored
shell32.lib(SHELL32.dll) : warning LNK4006: __NULL_IMPORT_DESCRIPTOR already defined in GraphicsEngineD3D11_64r.lib(GraphicsEngineD3D11_64r.dll); second definition ignored
ole32.lib(ole32.dll) : warning LNK4006: __NULL_IMPORT_DESCRIPTOR already defined in GraphicsEngineD3D11_64r.lib(GraphicsEngineD3D11_64r.dll); second definition ignored
oleaut32.lib(OLEAUT32.dll) : warning LNK4006: __NULL_IMPORT_DESCRIPTOR already defined in GraphicsEngineD3D11_64r.lib(GraphicsEngineD3D11_64r.dll); second definition ignored
comdlg32.lib(COMDLG32.dll) : warning LNK4006: __NULL_IMPORT_DESCRIPTOR already defined in GraphicsEngineD3D11_64r.lib(GraphicsEngineD3D11_64r.dll); second definition ignored
advapi32.lib(ADVAPI32.dll) : warning LNK4006: __NULL_IMPORT_DESCRIPTOR already defined in GraphicsEngineD3D11_64r.lib(GraphicsEngineD3D11_64r.dll); second definition ignored
assimp-vc142-mt.lib(assimp-vc142-mt.dll) : warning LNK4006: __NULL_IMPORT_DESCRIPTOR already defined in GraphicsEngineD3D11_64r.lib(GraphicsEngineD3D11_64r.dll); second definition ignored
Importer.obj : warning LNK4006: "public: enum aiReturn __cdecl aiMaterial::Get(char const *,unsigned int,unsigned int,struct aiColor3D &)const " (?Get@aiMaterial@@QEBA?AW4aiReturn@@PEBDIIAEAUaiColor3D@@@Z) already defined in assimp-vc142-mt.lib(assimp-vc142-mt.dll); second definition ignored
Importer.obj : warning LNK4006: "public: unsigned int __cdecl aiMaterial::GetTextureCount(enum aiTextureType)const " (?GetTextureCount@aiMaterial@@QEBAIW4aiTextureType@@@Z) already defined in assimp-vc142-mt.lib(assimp-vc142-mt.dll); second definition ignored
Importer.obj : warning LNK4006: "public: enum aiReturn __cdecl aiMaterial::GetTexture(enum aiTextureType,unsigned int,struct aiString *,enum aiTextureMapping *,unsigned int *,float *,enum aiTextureOp *,enum aiTextureMapMode *)const " (?GetTexture@aiMaterial@@QEBA?AW4aiReturn@@W4aiTextureType@@IPEAUaiString@@PEAW4aiTextureMapping@@PEAIPEAMPEAW4aiTextureOp@@PEAW4aiTextureMapMode@@@Z) already defined in assimp-vc142-mt.lib(assimp-vc142-mt.dll); second definition ignored
Importer.obj : warning LNK4006: "public: struct aiScene const * __cdecl Assimp::Importer::ReadFile(class std::basic_string<char,struct std::char_traits<char>,class std::allocator<char> > const &,unsigned int)" (?ReadFile@Importer@Assimp@@QEAAPEBUaiScene@@AEBV?$basic_string@DU?$char_traits@D@std@@V?$allocator@D@2@@std@@I@Z) already defined in assimp-vc142-mt.lib(assimp-vc142-mt.dll); second definition ignored
  Synergy.vcxproj -> C:\synergy\Synergy\x64\Release\Synergy.lib
