c:\synergy\synedit\x64\debug\vc143.pdb
c:\synergy\synedit\x64\debug\vc143.idb
c:\synergy\synedit\x64\debug\syneditor.obj
c:\synergy\synedit\x64\debug\synedit.obj
c:\synergy\synedit\x64\debug\se_viewport.obj
c:\synergy\synedit\x64\debug\se_viewer.obj
c:\synergy\synedit\x64\debug\se_graphexplorer.obj
c:\synergy\synedit\x64\debug\se_maintoolbar.obj
c:\synergy\synedit\x64\debug\se_mainmenubar.obj
c:\synergy\synedit\x64\debug\se_global.obj
c:\synergy\synedit\x64\debug\sceneeditorstate.obj
c:\synergy\synedit\x64\debug\resourcestesterstate.obj
c:\synergy\synedit\x64\debug\resourceseditorstate.obj
c:\synergy\synedit\x64\debug\projectresourceusagestate.obj
c:\synergy\synedit\x64\debug\projecteditorstate.obj
c:\synergy\synedit\x64\debug\newresourceswindow.obj
c:\synergy\synedit\x64\debug\newgroupwindow.obj
c:\synergy\synedit\x64\debug\maineditorstate.obj
c:\synergy\synedit\x64\debug\importmedia.obj
c:\synergy\synedit\x64\debug\generalosstate.obj
c:\synergy\synedit\x64\debug\import3dwindow.obj
c:\synergy\synedit\x64\debug\se_nodeeditor.obj
c:\synergy\synergy\x64\debug\synedit.exe
c:\synergy\synergy\x64\debug\synedit.pdb
c:\synergy\synergy\x64\debug\synedit.lib
c:\synergy\synergy\x64\debug\synedit.exp
c:\synergy\synedit\x64\debug\synedit.ilk
c:\synergy\synedit\x64\debug\synedit.tlog\cl.command.1.tlog
c:\synergy\synedit\x64\debug\synedit.tlog\cl.items.tlog
c:\synergy\synedit\x64\debug\synedit.tlog\cl.read.1.tlog
c:\synergy\synedit\x64\debug\synedit.tlog\cl.write.1.tlog
c:\synergy\synedit\x64\debug\synedit.tlog\link.command.1.tlog
c:\synergy\synedit\x64\debug\synedit.tlog\link.read.1.tlog
c:\synergy\synedit\x64\debug\synedit.tlog\link.secondary.1.tlog
c:\synergy\synedit\x64\debug\synedit.tlog\link.write.1.tlog
